<?xml version="1.0" encoding="UTF-8"?>
<testng-results ignored="0" total="3" passed="3" failed="0" skipped="0">
  <reporter-output>
  </reporter-output>
  <suite started-at="2024-05-14T15:16:12 CST" name="AlertsTestSuite" finished-at="2024-05-14T15:16:26 CST" duration-ms="13839">
    <groups>
    </groups>
    <test started-at="2024-05-14T15:16:12 CST" name="AlertsTests" finished-at="2024-05-14T15:16:26 CST" duration-ms="13839">
      <class name="com.herokuapp.theinternet.alertstests.AlertsTests">
        <test-method is-config="true" signature="setUp(java.lang.String,org.testng.ITestContext)[pri:0, instance:com.herokuapp.theinternet.alertstests.AlertsTests@3eb25e1a]" started-at="2024-05-14T15:16:12 CST" name="setUp" finished-at="2024-05-14T15:16:15 CST" duration-ms="2988" status="PASS">
          <params>
            <param index="0">
              <value>
                <![CDATA[chrome]]>
              </value>
            </param>
            <param index="1">
              <value>
                <![CDATA[org.testng.TestRunner@e7edb54]]>
              </value>
            </param>
          </params>
          <reporter-output>
          </reporter-output>
        </test-method> <!-- setUp -->
        <test-method signature="jsAlertTest()[pri:0, instance:com.herokuapp.theinternet.alertstests.AlertsTests@3eb25e1a]" started-at="2024-05-14T15:16:15 CST" name="jsAlertTest" finished-at="2024-05-14T15:16:17 CST" duration-ms="2208" status="PASS">
          <reporter-output>
          </reporter-output>
        </test-method> <!-- jsAlertTest -->
        <test-method is-config="true" signature="tearDown()[pri:0, instance:com.herokuapp.theinternet.alertstests.AlertsTests@3eb25e1a]" started-at="2024-05-14T15:16:17 CST" name="tearDown" finished-at="2024-05-14T15:16:18 CST" duration-ms="389" status="PASS">
          <reporter-output>
          </reporter-output>
        </test-method> <!-- tearDown -->
        <test-method is-config="true" signature="setUp(java.lang.String,org.testng.ITestContext)[pri:0, instance:com.herokuapp.theinternet.alertstests.AlertsTests@3eb25e1a]" started-at="2024-05-14T15:16:18 CST" name="setUp" finished-at="2024-05-14T15:16:19 CST" duration-ms="1658" status="PASS">
          <params>
            <param index="0">
              <value>
                <![CDATA[chrome]]>
              </value>
            </param>
            <param index="1">
              <value>
                <![CDATA[org.testng.TestRunner@e7edb54]]>
              </value>
            </param>
          </params>
          <reporter-output>
          </reporter-output>
        </test-method> <!-- setUp -->
        <test-method signature="jsDismissTest()[pri:0, instance:com.herokuapp.theinternet.alertstests.AlertsTests@3eb25e1a]" started-at="2024-05-14T15:16:19 CST" name="jsDismissTest" finished-at="2024-05-14T15:16:22 CST" duration-ms="2216" status="PASS">
          <reporter-output>
          </reporter-output>
        </test-method> <!-- jsDismissTest -->
        <test-method is-config="true" signature="tearDown()[pri:0, instance:com.herokuapp.theinternet.alertstests.AlertsTests@3eb25e1a]" started-at="2024-05-14T15:16:22 CST" name="tearDown" finished-at="2024-05-14T15:16:22 CST" duration-ms="386" status="PASS">
          <reporter-output>
          </reporter-output>
        </test-method> <!-- tearDown -->
        <test-method is-config="true" signature="setUp(java.lang.String,org.testng.ITestContext)[pri:0, instance:com.herokuapp.theinternet.alertstests.AlertsTests@3eb25e1a]" started-at="2024-05-14T15:16:22 CST" name="setUp" finished-at="2024-05-14T15:16:24 CST" duration-ms="1508" status="PASS">
          <params>
            <param index="0">
              <value>
                <![CDATA[chrome]]>
              </value>
            </param>
            <param index="1">
              <value>
                <![CDATA[org.testng.TestRunner@e7edb54]]>
              </value>
            </param>
          </params>
          <reporter-output>
          </reporter-output>
        </test-method> <!-- setUp -->
        <test-method signature="jsPromptTest()[pri:0, instance:com.herokuapp.theinternet.alertstests.AlertsTests@3eb25e1a]" started-at="2024-05-14T15:16:24 CST" name="jsPromptTest" finished-at="2024-05-14T15:16:26 CST" duration-ms="2171" status="PASS">
          <reporter-output>
          </reporter-output>
        </test-method> <!-- jsPromptTest -->
        <test-method is-config="true" signature="tearDown()[pri:0, instance:com.herokuapp.theinternet.alertstests.AlertsTests@3eb25e1a]" started-at="2024-05-14T15:16:26 CST" name="tearDown" finished-at="2024-05-14T15:16:26 CST" duration-ms="238" status="PASS">
          <reporter-output>
          </reporter-output>
        </test-method> <!-- tearDown -->
      </class> <!-- com.herokuapp.theinternet.alertstests.AlertsTests -->
    </test> <!-- AlertsTests -->
  </suite> <!-- AlertsTestSuite -->
</testng-results>
